\BOOKMARK [0][-]{label:frontpage.0}{Front page}{}% 1
\BOOKMARK [1][-]{section.0.1}{0.1 Synopsis}{label:frontpage.0}% 2
\BOOKMARK [0][-]{label:contents.0}{Contents}{}% 3
\BOOKMARK [0][-]{chapter*.3}{Forord}{}% 4
\BOOKMARK [0][-]{chapter.1}{1 Indledning}{}% 5
\BOOKMARK [1][-]{section.1.1}{1.1 Nytorv f\370r 00'erne}{chapter.1}% 6
\BOOKMARK [1][-]{section.1.2}{1.2 Hvorfor f\346rdes der mange mennesker p\345 Nytorv?}{chapter.1}% 7
\BOOKMARK [1][-]{section.1.3}{1.3 Shared Space}{chapter.1}% 8
\BOOKMARK [0][-]{chapter.2}{2 Problemformulering}{}% 9
\BOOKMARK [1][-]{section.2.1}{2.1 Afgr\346nsning}{chapter.2}% 10
\BOOKMARK [0][-]{chapter.3}{3 Unders\370gelse af trygheden p\345 Nytorv}{}% 11
\BOOKMARK [1][-]{section.3.1}{3.1 Analyse og Resultater}{chapter.3}% 12
\BOOKMARK [2][-]{subsection.3.1.1}{3.1.1 Shared Space tr\346k i Nytorv/\330ster\345gade omr\345det}{section.3.1}% 13
\BOOKMARK [2][-]{subsection.3.1.2}{3.1.2 Trafikanternes benyttelse af Nytorv som et Shared Space}{section.3.1}% 14
\BOOKMARK [2][-]{subsection.3.1.3}{3.1.3 Interviews}{section.3.1}% 15
\BOOKMARK [2][-]{subsection.3.1.4}{3.1.4 Anvendelse af interviews i praksis}{section.3.1}% 16
\BOOKMARK [2][-]{subsection.3.1.5}{3.1.5 Form\345lene med interviewene ved Nytorv/\330ster\345gade i Aalborg}{section.3.1}% 17
\BOOKMARK [2][-]{subsection.3.1.6}{3.1.6 Interview resultaterne med forbig\345ende fodg\346ngere og cyklister ved Nytorv/\330ster\345gade i Aalborg}{section.3.1}% 18
\BOOKMARK [1][-]{section.3.2}{3.2 Trafikt\346llinger}{chapter.3}% 19
\BOOKMARK [2][-]{subsection.3.2.1}{3.2.1 Manuel t\346lling}{section.3.2}% 20
